<?xml version="1.0" encoding="UTF-8"?>
<testsuite name="org.javolution.xml.jaxb.JAXBAnnotatedObjectReaderTest" time="0.538" tests="41" errors="41" skipped="0" failures="0">
  <properties>
    <property name="java.runtime.name" value="OpenJDK Runtime Environment"/>
    <property name="sun.boot.library.path" value="/usr/lib/jvm/java-8-openjdk-i386/jre/lib/i386"/>
    <property name="java.vm.version" value="25.45-b02"/>
    <property name="java.vm.vendor" value="Oracle Corporation"/>
    <property name="maven.multiModuleProjectDirectory" value="/home/ubuntu/workspace/javolution/javolution/core-java"/>
    <property name="java.vendor.url" value="http://java.oracle.com/"/>
    <property name="path.separator" value=":"/>
    <property name="guice.disable.misplaced.annotation.check" value="true"/>
    <property name="java.vm.name" value="OpenJDK Server VM"/>
    <property name="file.encoding.pkg" value="sun.io"/>
    <property name="user.country" value="US"/>
    <property name="sun.java.launcher" value="SUN_STANDARD"/>
    <property name="sun.os.patch.level" value="unknown"/>
    <property name="java.vm.specification.name" value="Java Virtual Machine Specification"/>
    <property name="user.dir" value="/home/ubuntu/workspace/javolution/javolution/core-java"/>
    <property name="java.runtime.version" value="1.8.0_45-internal-b14"/>
    <property name="java.awt.graphicsenv" value="sun.awt.X11GraphicsEnvironment"/>
    <property name="java.endorsed.dirs" value="/usr/lib/jvm/java-8-openjdk-i386/jre/lib/endorsed"/>
    <property name="os.arch" value="i386"/>
    <property name="java.io.tmpdir" value="/tmp"/>
    <property name="line.separator" value="&#10;"/>
    <property name="java.vm.specification.vendor" value="Oracle Corporation"/>
    <property name="os.name" value="Linux"/>
    <property name="classworlds.conf" value="/home/ubuntu/workspace/.metadata/.plugins/org.eclipse.m2e.launching/launches/m2conf3171514128192128333.tmp"/>
    <property name="sun.jnu.encoding" value="UTF-8"/>
    <property name="java.library.path" value="/usr/lib/jvm/java-8-openjdk-i386/jre/lib/i386/server:/usr/lib/jvm/java-8-openjdk-i386/jre/lib/i386::/usr/java/packages/lib/i386:/usr/lib/i386-linux-gnu/jni:/lib/i386-linux-gnu:/usr/lib/i386-linux-gnu:/usr/lib/jni:/lib:/usr/lib"/>
    <property name="java.specification.name" value="Java Platform API Specification"/>
    <property name="java.class.version" value="52.0"/>
    <property name="sun.management.compiler" value="HotSpot Tiered Compilers"/>
    <property name="os.version" value="3.19.0-26-generic"/>
    <property name="user.home" value="/home/ubuntu"/>
    <property name="user.timezone" value="Europe/Paris"/>
    <property name="java.awt.printerjob" value="sun.print.PSPrinterJob"/>
    <property name="file.encoding" value="UTF-8"/>
    <property name="java.specification.version" value="1.8"/>
    <property name="user.name" value="ubuntu"/>
    <property name="java.class.path" value="/home/ubuntu/eclipse/java-neon/eclipse/../../../.p2/pool/plugins/org.eclipse.m2e.maven.runtime_1.7.0.20160603-1931/jars/plexus-classworlds-2.5.2.jar:/usr/share/java/jayatanaag.jar"/>
    <property name="java.vm.specification.version" value="1.8"/>
    <property name="sun.arch.data.model" value="32"/>
    <property name="java.home" value="/usr/lib/jvm/java-8-openjdk-i386/jre"/>
    <property name="sun.java.command" value="org.codehaus.plexus.classworlds.launcher.Launcher -B install"/>
    <property name="java.specification.vendor" value="Oracle Corporation"/>
    <property name="user.language" value="en"/>
    <property name="awt.toolkit" value="sun.awt.X11.XToolkit"/>
    <property name="java.vm.info" value="mixed mode"/>
    <property name="java.version" value="1.8.0_45-internal"/>
    <property name="java.ext.dirs" value="/usr/lib/jvm/java-8-openjdk-i386/jre/lib/ext:/usr/java/packages/lib/ext"/>
    <property name="securerandom.source" value="file:/dev/./urandom"/>
    <property name="sun.boot.class.path" value="/usr/lib/jvm/java-8-openjdk-i386/jre/lib/resources.jar:/usr/lib/jvm/java-8-openjdk-i386/jre/lib/rt.jar:/usr/lib/jvm/java-8-openjdk-i386/jre/lib/sunrsasign.jar:/usr/lib/jvm/java-8-openjdk-i386/jre/lib/jsse.jar:/usr/lib/jvm/java-8-openjdk-i386/jre/lib/jce.jar:/usr/lib/jvm/java-8-openjdk-i386/jre/lib/charsets.jar:/usr/lib/jvm/java-8-openjdk-i386/jre/lib/jfr.jar:/usr/lib/jvm/java-8-openjdk-i386/jre/classes"/>
    <property name="java.vendor" value="Oracle Corporation"/>
    <property name="maven.home" value="/home/ubuntu/workspace/javolution/javolution/core-java/EMBEDDED"/>
    <property name="file.separator" value="/"/>
    <property name="java.vendor.url.bug" value="http://bugreport.sun.com/bugreport/"/>
    <property name="sun.cpu.endian" value="little"/>
    <property name="sun.io.unicode.encoding" value="UnicodeLittle"/>
    <property name="sun.desktop" value="gnome"/>
    <property name="sun.cpu.isalist" value=""/>
  </properties>
  <testcase name="testReadJaxbObjectWithOutOfOrderElementAndValidationOff" classname="org.javolution.xml.jaxb.JAXBAnnotatedObjectReaderTest" time="0.353">
    <error type="java.lang.NullPointerException:"><![CDATA[java.lang.NullPointerException: null
	at org.javolution.xml.internal.jaxb.AbstractJAXBAnnotatedObjectParser.<init>(AbstractJAXBAnnotatedObjectParser.java:132)
	at org.javolution.xml.internal.jaxb.JAXBAnnotatedObjectReaderImpl.<init>(JAXBAnnotatedObjectReaderImpl.java:77)
	at org.javolution.xml.jaxb.JAXBAnnotatedObjectReaderTest.init(JAXBAnnotatedObjectReaderTest.java:65)
]]></error>
  </testcase>
  <testcase name="testReadJaxbObjectWithDecimalAndInteger" classname="org.javolution.xml.jaxb.JAXBAnnotatedObjectReaderTest" time="0.002">
    <error type="java.lang.NullPointerException:"><![CDATA[java.lang.NullPointerException: null
	at org.javolution.xml.internal.jaxb.AbstractJAXBAnnotatedObjectParser.<init>(AbstractJAXBAnnotatedObjectParser.java:132)
	at org.javolution.xml.internal.jaxb.JAXBAnnotatedObjectReaderImpl.<init>(JAXBAnnotatedObjectReaderImpl.java:77)
	at org.javolution.xml.jaxb.JAXBAnnotatedObjectReaderTest.init(JAXBAnnotatedObjectReaderTest.java:65)
]]></error>
  </testcase>
  <testcase name="testReadJaxbObjectWithUnmappedElementAndValidationOff" classname="org.javolution.xml.jaxb.JAXBAnnotatedObjectReaderTest" time="0.003">
    <error type="java.lang.NullPointerException:"><![CDATA[java.lang.NullPointerException: null
	at org.javolution.xml.internal.jaxb.AbstractJAXBAnnotatedObjectParser.<init>(AbstractJAXBAnnotatedObjectParser.java:132)
	at org.javolution.xml.internal.jaxb.JAXBAnnotatedObjectReaderImpl.<init>(JAXBAnnotatedObjectReaderImpl.java:77)
	at org.javolution.xml.jaxb.JAXBAnnotatedObjectReaderTest.init(JAXBAnnotatedObjectReaderTest.java:65)
]]></error>
  </testcase>
  <testcase name="testReadJaxbObjectWithJAXBElementWrappingAndAnotherName" classname="org.javolution.xml.jaxb.JAXBAnnotatedObjectReaderTest" time="0.001">
    <error type="java.lang.NullPointerException:"><![CDATA[java.lang.NullPointerException: null
	at org.javolution.xml.internal.jaxb.AbstractJAXBAnnotatedObjectParser.<init>(AbstractJAXBAnnotatedObjectParser.java:132)
	at org.javolution.xml.internal.jaxb.JAXBAnnotatedObjectReaderImpl.<init>(JAXBAnnotatedObjectReaderImpl.java:77)
	at org.javolution.xml.jaxb.JAXBAnnotatedObjectReaderTest.init(JAXBAnnotatedObjectReaderTest.java:65)
]]></error>
  </testcase>
  <testcase name="testReadJaxbObjectBasicWithStreamSource" classname="org.javolution.xml.jaxb.JAXBAnnotatedObjectReaderTest" time="0.001">
    <error type="java.lang.NullPointerException:"><![CDATA[java.lang.NullPointerException: null
	at org.javolution.xml.internal.jaxb.AbstractJAXBAnnotatedObjectParser.<init>(AbstractJAXBAnnotatedObjectParser.java:132)
	at org.javolution.xml.internal.jaxb.JAXBAnnotatedObjectReaderImpl.<init>(JAXBAnnotatedObjectReaderImpl.java:77)
	at org.javolution.xml.jaxb.JAXBAnnotatedObjectReaderTest.init(JAXBAnnotatedObjectReaderTest.java:65)
]]></error>
  </testcase>
  <testcase name="testReadJaxbObjectWithBinaryElement" classname="org.javolution.xml.jaxb.JAXBAnnotatedObjectReaderTest" time="0.003">
    <error type="java.lang.NullPointerException:"><![CDATA[java.lang.NullPointerException: null
	at org.javolution.xml.internal.jaxb.AbstractJAXBAnnotatedObjectParser.<init>(AbstractJAXBAnnotatedObjectParser.java:132)
	at org.javolution.xml.internal.jaxb.JAXBAnnotatedObjectReaderImpl.<init>(JAXBAnnotatedObjectReaderImpl.java:77)
	at org.javolution.xml.jaxb.JAXBAnnotatedObjectReaderTest.init(JAXBAnnotatedObjectReaderTest.java:65)
]]></error>
  </testcase>
  <testcase name="testReadJaxbObjectWithAnyElement" classname="org.javolution.xml.jaxb.JAXBAnnotatedObjectReaderTest" time="0">
    <error type="java.lang.NullPointerException:"><![CDATA[java.lang.NullPointerException: null
	at org.javolution.xml.internal.jaxb.AbstractJAXBAnnotatedObjectParser.<init>(AbstractJAXBAnnotatedObjectParser.java:132)
	at org.javolution.xml.internal.jaxb.JAXBAnnotatedObjectReaderImpl.<init>(JAXBAnnotatedObjectReaderImpl.java:77)
	at org.javolution.xml.jaxb.JAXBAnnotatedObjectReaderTest.init(JAXBAnnotatedObjectReaderTest.java:65)
]]></error>
  </testcase>
  <testcase name="testReadJaxbObjectWithMoreThanOneOfSameElementWithMixedData" classname="org.javolution.xml.jaxb.JAXBAnnotatedObjectReaderTest" time="0.001">
    <error type="java.lang.NullPointerException:"><![CDATA[java.lang.NullPointerException: null
	at org.javolution.xml.internal.jaxb.AbstractJAXBAnnotatedObjectParser.<init>(AbstractJAXBAnnotatedObjectParser.java:132)
	at org.javolution.xml.internal.jaxb.JAXBAnnotatedObjectReaderImpl.<init>(JAXBAnnotatedObjectReaderImpl.java:77)
	at org.javolution.xml.jaxb.JAXBAnnotatedObjectReaderTest.init(JAXBAnnotatedObjectReaderTest.java:65)
]]></error>
  </testcase>
  <testcase name="testReadJaxbObjectWithMissingRequiredAttributeAndValidationOn" classname="org.javolution.xml.jaxb.JAXBAnnotatedObjectReaderTest" time="0.001">
    <error type="java.lang.NullPointerException:"><![CDATA[java.lang.NullPointerException: null
	at org.javolution.xml.internal.jaxb.AbstractJAXBAnnotatedObjectParser.<init>(AbstractJAXBAnnotatedObjectParser.java:132)
	at org.javolution.xml.internal.jaxb.JAXBAnnotatedObjectReaderImpl.<init>(JAXBAnnotatedObjectReaderImpl.java:77)
	at org.javolution.xml.jaxb.JAXBAnnotatedObjectReaderTest.init(JAXBAnnotatedObjectReaderTest.java:65)
]]></error>
  </testcase>
  <testcase name="testReadJaxbObjectBasic" classname="org.javolution.xml.jaxb.JAXBAnnotatedObjectReaderTest" time="0.002">
    <error type="java.lang.NullPointerException:"><![CDATA[java.lang.NullPointerException: null
	at org.javolution.xml.internal.jaxb.AbstractJAXBAnnotatedObjectParser.<init>(AbstractJAXBAnnotatedObjectParser.java:132)
	at org.javolution.xml.internal.jaxb.JAXBAnnotatedObjectReaderImpl.<init>(JAXBAnnotatedObjectReaderImpl.java:77)
	at org.javolution.xml.jaxb.JAXBAnnotatedObjectReaderTest.init(JAXBAnnotatedObjectReaderTest.java:65)
]]></error>
  </testcase>
  <testcase name="testReadJaxbObjectWithValueElement" classname="org.javolution.xml.jaxb.JAXBAnnotatedObjectReaderTest" time="0">
    <error type="java.lang.NullPointerException:"><![CDATA[java.lang.NullPointerException: null
	at org.javolution.xml.internal.jaxb.AbstractJAXBAnnotatedObjectParser.<init>(AbstractJAXBAnnotatedObjectParser.java:132)
	at org.javolution.xml.internal.jaxb.JAXBAnnotatedObjectReaderImpl.<init>(JAXBAnnotatedObjectReaderImpl.java:77)
	at org.javolution.xml.jaxb.JAXBAnnotatedObjectReaderTest.init(JAXBAnnotatedObjectReaderTest.java:65)
]]></error>
  </testcase>
  <testcase name="testReadJaxbObjectWithBoundedElementWithNestedAttributeOnly" classname="org.javolution.xml.jaxb.JAXBAnnotatedObjectReaderTest" time="0">
    <error type="java.lang.NullPointerException:"><![CDATA[java.lang.NullPointerException: null
	at org.javolution.xml.internal.jaxb.AbstractJAXBAnnotatedObjectParser.<init>(AbstractJAXBAnnotatedObjectParser.java:132)
	at org.javolution.xml.internal.jaxb.JAXBAnnotatedObjectReaderImpl.<init>(JAXBAnnotatedObjectReaderImpl.java:77)
	at org.javolution.xml.jaxb.JAXBAnnotatedObjectReaderTest.init(JAXBAnnotatedObjectReaderTest.java:65)
]]></error>
  </testcase>
  <testcase name="testReadJaxbObjectBasicWithInputSource" classname="org.javolution.xml.jaxb.JAXBAnnotatedObjectReaderTest" time="0.005">
    <error type="java.lang.NullPointerException:"><![CDATA[java.lang.NullPointerException: null
	at org.javolution.xml.internal.jaxb.AbstractJAXBAnnotatedObjectParser.<init>(AbstractJAXBAnnotatedObjectParser.java:132)
	at org.javolution.xml.internal.jaxb.JAXBAnnotatedObjectReaderImpl.<init>(JAXBAnnotatedObjectReaderImpl.java:77)
	at org.javolution.xml.jaxb.JAXBAnnotatedObjectReaderTest.init(JAXBAnnotatedObjectReaderTest.java:65)
]]></error>
  </testcase>
  <testcase name="testReadJaxbObjectBasicWithCustomObjectFactory" classname="org.javolution.xml.jaxb.JAXBAnnotatedObjectReaderTest" time="0">
    <error type="java.lang.NullPointerException:"><![CDATA[java.lang.NullPointerException: null
	at org.javolution.xml.internal.jaxb.AbstractJAXBAnnotatedObjectParser.<init>(AbstractJAXBAnnotatedObjectParser.java:132)
	at org.javolution.xml.internal.jaxb.JAXBAnnotatedObjectReaderImpl.<init>(JAXBAnnotatedObjectReaderImpl.java:77)
	at org.javolution.xml.jaxb.JAXBAnnotatedObjectReaderTest.init(JAXBAnnotatedObjectReaderTest.java:65)
]]></error>
  </testcase>
  <testcase name="testReadJaxbObjectWithEmptyElements" classname="org.javolution.xml.jaxb.JAXBAnnotatedObjectReaderTest" time="0.001">
    <error type="java.lang.NullPointerException:"><![CDATA[java.lang.NullPointerException: null
	at org.javolution.xml.internal.jaxb.AbstractJAXBAnnotatedObjectParser.<init>(AbstractJAXBAnnotatedObjectParser.java:132)
	at org.javolution.xml.internal.jaxb.JAXBAnnotatedObjectReaderImpl.<init>(JAXBAnnotatedObjectReaderImpl.java:77)
	at org.javolution.xml.jaxb.JAXBAnnotatedObjectReaderTest.init(JAXBAnnotatedObjectReaderTest.java:65)
]]></error>
  </testcase>
  <testcase name="testReadJaxbObjectWithAllBasicDatatypes" classname="org.javolution.xml.jaxb.JAXBAnnotatedObjectReaderTest" time="0.002">
    <error type="java.lang.NullPointerException:"><![CDATA[java.lang.NullPointerException: null
	at org.javolution.xml.internal.jaxb.AbstractJAXBAnnotatedObjectParser.<init>(AbstractJAXBAnnotatedObjectParser.java:132)
	at org.javolution.xml.internal.jaxb.JAXBAnnotatedObjectReaderImpl.<init>(JAXBAnnotatedObjectReaderImpl.java:77)
	at org.javolution.xml.jaxb.JAXBAnnotatedObjectReaderTest.init(JAXBAnnotatedObjectReaderTest.java:65)
]]></error>
  </testcase>
  <testcase name="testReadJaxbObjectWithCDataString" classname="org.javolution.xml.jaxb.JAXBAnnotatedObjectReaderTest" time="0">
    <error type="java.lang.NullPointerException:"><![CDATA[java.lang.NullPointerException: null
	at org.javolution.xml.internal.jaxb.AbstractJAXBAnnotatedObjectParser.<init>(AbstractJAXBAnnotatedObjectParser.java:132)
	at org.javolution.xml.internal.jaxb.JAXBAnnotatedObjectReaderImpl.<init>(JAXBAnnotatedObjectReaderImpl.java:77)
	at org.javolution.xml.jaxb.JAXBAnnotatedObjectReaderTest.init(JAXBAnnotatedObjectReaderTest.java:65)
]]></error>
  </testcase>
  <testcase name="testReadJaxbObjectWithChoiceElement" classname="org.javolution.xml.jaxb.JAXBAnnotatedObjectReaderTest" time="0.161">
    <error type="java.lang.NullPointerException:"><![CDATA[java.lang.NullPointerException: null
	at org.javolution.xml.internal.jaxb.AbstractJAXBAnnotatedObjectParser.<init>(AbstractJAXBAnnotatedObjectParser.java:132)
	at org.javolution.xml.internal.jaxb.JAXBAnnotatedObjectReaderImpl.<init>(JAXBAnnotatedObjectReaderImpl.java:77)
	at org.javolution.xml.jaxb.JAXBAnnotatedObjectReaderTest.init(JAXBAnnotatedObjectReaderTest.java:65)
]]></error>
  </testcase>
  <testcase name="testReadJaxbObjectWithJAXBElementWrapping" classname="org.javolution.xml.jaxb.JAXBAnnotatedObjectReaderTest" time="0">
    <error type="java.lang.NullPointerException:"><![CDATA[java.lang.NullPointerException: null
	at org.javolution.xml.internal.jaxb.AbstractJAXBAnnotatedObjectParser.<init>(AbstractJAXBAnnotatedObjectParser.java:132)
	at org.javolution.xml.internal.jaxb.JAXBAnnotatedObjectReaderImpl.<init>(JAXBAnnotatedObjectReaderImpl.java:77)
	at org.javolution.xml.jaxb.JAXBAnnotatedObjectReaderTest.init(JAXBAnnotatedObjectReaderTest.java:65)
]]></error>
  </testcase>
  <testcase name="testReadJaxbObjectWithMissingRequiredElementAndValidationOn" classname="org.javolution.xml.jaxb.JAXBAnnotatedObjectReaderTest" time="0">
    <error type="java.lang.NullPointerException:"><![CDATA[java.lang.NullPointerException: null
	at org.javolution.xml.internal.jaxb.AbstractJAXBAnnotatedObjectParser.<init>(AbstractJAXBAnnotatedObjectParser.java:132)
	at org.javolution.xml.internal.jaxb.JAXBAnnotatedObjectReaderImpl.<init>(JAXBAnnotatedObjectReaderImpl.java:77)
	at org.javolution.xml.jaxb.JAXBAnnotatedObjectReaderTest.init(JAXBAnnotatedObjectReaderTest.java:65)
]]></error>
  </testcase>
  <testcase name="testReadJaxbObjectBasicWithUnsupportedSource" classname="org.javolution.xml.jaxb.JAXBAnnotatedObjectReaderTest" time="0">
    <error type="java.lang.NullPointerException:"><![CDATA[java.lang.NullPointerException: null
	at org.javolution.xml.internal.jaxb.AbstractJAXBAnnotatedObjectParser.<init>(AbstractJAXBAnnotatedObjectParser.java:132)
	at org.javolution.xml.internal.jaxb.JAXBAnnotatedObjectReaderImpl.<init>(JAXBAnnotatedObjectReaderImpl.java:77)
	at org.javolution.xml.jaxb.JAXBAnnotatedObjectReaderTest.init(JAXBAnnotatedObjectReaderTest.java:65)
]]></error>
  </testcase>
  <testcase name="testReadJaxbObjectWithMissingRequiredElementAndValidationOff" classname="org.javolution.xml.jaxb.JAXBAnnotatedObjectReaderTest" time="0">
    <error type="java.lang.NullPointerException:"><![CDATA[java.lang.NullPointerException: null
	at org.javolution.xml.internal.jaxb.AbstractJAXBAnnotatedObjectParser.<init>(AbstractJAXBAnnotatedObjectParser.java:132)
	at org.javolution.xml.internal.jaxb.JAXBAnnotatedObjectReaderImpl.<init>(JAXBAnnotatedObjectReaderImpl.java:77)
	at org.javolution.xml.jaxb.JAXBAnnotatedObjectReaderTest.init(JAXBAnnotatedObjectReaderTest.java:65)
]]></error>
  </testcase>
  <testcase name="testReadJaxbObjectWithRootContextAndJAXBElementFromCommonSchema" classname="org.javolution.xml.jaxb.JAXBAnnotatedObjectReaderTest" time="0">
    <error type="java.lang.NullPointerException:"><![CDATA[java.lang.NullPointerException: null
	at org.javolution.xml.internal.jaxb.AbstractJAXBAnnotatedObjectParser.<init>(AbstractJAXBAnnotatedObjectParser.java:132)
	at org.javolution.xml.internal.jaxb.JAXBAnnotatedObjectReaderImpl.<init>(JAXBAnnotatedObjectReaderImpl.java:77)
	at org.javolution.xml.jaxb.JAXBAnnotatedObjectReaderTest.init(JAXBAnnotatedObjectReaderTest.java:65)
]]></error>
  </testcase>
  <testcase name="testReadJaxbObjectWithLargeNestedMixedObject" classname="org.javolution.xml.jaxb.JAXBAnnotatedObjectReaderTest" time="0">
    <error type="java.lang.NullPointerException:"><![CDATA[java.lang.NullPointerException: null
	at org.javolution.xml.internal.jaxb.AbstractJAXBAnnotatedObjectParser.<init>(AbstractJAXBAnnotatedObjectParser.java:132)
	at org.javolution.xml.internal.jaxb.JAXBAnnotatedObjectReaderImpl.<init>(JAXBAnnotatedObjectReaderImpl.java:77)
	at org.javolution.xml.jaxb.JAXBAnnotatedObjectReaderTest.init(JAXBAnnotatedObjectReaderTest.java:65)
]]></error>
  </testcase>
  <testcase name="testReadJaxbObjectWithMissingRequiredAttributeAndValidationOff" classname="org.javolution.xml.jaxb.JAXBAnnotatedObjectReaderTest" time="0">
    <error type="java.lang.NullPointerException:"><![CDATA[java.lang.NullPointerException: null
	at org.javolution.xml.internal.jaxb.AbstractJAXBAnnotatedObjectParser.<init>(AbstractJAXBAnnotatedObjectParser.java:132)
	at org.javolution.xml.internal.jaxb.JAXBAnnotatedObjectReaderImpl.<init>(JAXBAnnotatedObjectReaderImpl.java:77)
	at org.javolution.xml.jaxb.JAXBAnnotatedObjectReaderTest.init(JAXBAnnotatedObjectReaderTest.java:65)
]]></error>
  </testcase>
  <testcase name="testReadJaxbObjectWithOutOfOrderElementAndValidationOn" classname="org.javolution.xml.jaxb.JAXBAnnotatedObjectReaderTest" time="0">
    <error type="java.lang.NullPointerException:"><![CDATA[java.lang.NullPointerException: null
	at org.javolution.xml.internal.jaxb.AbstractJAXBAnnotatedObjectParser.<init>(AbstractJAXBAnnotatedObjectParser.java:132)
	at org.javolution.xml.internal.jaxb.JAXBAnnotatedObjectReaderImpl.<init>(JAXBAnnotatedObjectReaderImpl.java:77)
	at org.javolution.xml.jaxb.JAXBAnnotatedObjectReaderTest.init(JAXBAnnotatedObjectReaderTest.java:65)
]]></error>
  </testcase>
  <testcase name="testReadJaxbObjectWithUnmappedAttributeAndValidationOff" classname="org.javolution.xml.jaxb.JAXBAnnotatedObjectReaderTest" time="0">
    <error type="java.lang.NullPointerException:"><![CDATA[java.lang.NullPointerException: null
	at org.javolution.xml.internal.jaxb.AbstractJAXBAnnotatedObjectParser.<init>(AbstractJAXBAnnotatedObjectParser.java:132)
	at org.javolution.xml.internal.jaxb.JAXBAnnotatedObjectReaderImpl.<init>(JAXBAnnotatedObjectReaderImpl.java:77)
	at org.javolution.xml.jaxb.JAXBAnnotatedObjectReaderTest.init(JAXBAnnotatedObjectReaderTest.java:65)
]]></error>
  </testcase>
  <testcase name="testReadJaxbObjectWithBoundedAndUnboundedNesting" classname="org.javolution.xml.jaxb.JAXBAnnotatedObjectReaderTest" time="0">
    <error type="java.lang.NullPointerException:"><![CDATA[java.lang.NullPointerException: null
	at org.javolution.xml.internal.jaxb.AbstractJAXBAnnotatedObjectParser.<init>(AbstractJAXBAnnotatedObjectParser.java:132)
	at org.javolution.xml.internal.jaxb.JAXBAnnotatedObjectReaderImpl.<init>(JAXBAnnotatedObjectReaderImpl.java:77)
	at org.javolution.xml.jaxb.JAXBAnnotatedObjectReaderTest.init(JAXBAnnotatedObjectReaderTest.java:65)
]]></error>
  </testcase>
  <testcase name="testReadJaxbObjectWithUnmappedAttributeAndValidationOn" classname="org.javolution.xml.jaxb.JAXBAnnotatedObjectReaderTest" time="0">
    <error type="java.lang.NullPointerException:"><![CDATA[java.lang.NullPointerException: null
	at org.javolution.xml.internal.jaxb.AbstractJAXBAnnotatedObjectParser.<init>(AbstractJAXBAnnotatedObjectParser.java:132)
	at org.javolution.xml.internal.jaxb.JAXBAnnotatedObjectReaderImpl.<init>(JAXBAnnotatedObjectReaderImpl.java:77)
	at org.javolution.xml.jaxb.JAXBAnnotatedObjectReaderTest.init(JAXBAnnotatedObjectReaderTest.java:65)
]]></error>
  </testcase>
  <testcase name="testReadJaxbObjectWithBoundedElementAndMixedBoundedNesting" classname="org.javolution.xml.jaxb.JAXBAnnotatedObjectReaderTest" time="0">
    <error type="java.lang.NullPointerException:"><![CDATA[java.lang.NullPointerException: null
	at org.javolution.xml.internal.jaxb.AbstractJAXBAnnotatedObjectParser.<init>(AbstractJAXBAnnotatedObjectParser.java:132)
	at org.javolution.xml.internal.jaxb.JAXBAnnotatedObjectReaderImpl.<init>(JAXBAnnotatedObjectReaderImpl.java:77)
	at org.javolution.xml.jaxb.JAXBAnnotatedObjectReaderTest.init(JAXBAnnotatedObjectReaderTest.java:65)
]]></error>
  </testcase>
  <testcase name="testReadJaxbObjectBasicWithValidationOn" classname="org.javolution.xml.jaxb.JAXBAnnotatedObjectReaderTest" time="0">
    <error type="java.lang.NullPointerException:"><![CDATA[java.lang.NullPointerException: null
	at org.javolution.xml.internal.jaxb.AbstractJAXBAnnotatedObjectParser.<init>(AbstractJAXBAnnotatedObjectParser.java:132)
	at org.javolution.xml.internal.jaxb.JAXBAnnotatedObjectReaderImpl.<init>(JAXBAnnotatedObjectReaderImpl.java:77)
	at org.javolution.xml.jaxb.JAXBAnnotatedObjectReaderTest.init(JAXBAnnotatedObjectReaderTest.java:65)
]]></error>
  </testcase>
  <testcase name="testReadJaxbObjectWithNamespaceElement" classname="org.javolution.xml.jaxb.JAXBAnnotatedObjectReaderTest" time="0.001">
    <error type="java.lang.NullPointerException:"><![CDATA[java.lang.NullPointerException: null
	at org.javolution.xml.internal.jaxb.AbstractJAXBAnnotatedObjectParser.<init>(AbstractJAXBAnnotatedObjectParser.java:132)
	at org.javolution.xml.internal.jaxb.JAXBAnnotatedObjectReaderImpl.<init>(JAXBAnnotatedObjectReaderImpl.java:77)
	at org.javolution.xml.jaxb.JAXBAnnotatedObjectReaderTest.init(JAXBAnnotatedObjectReaderTest.java:65)
]]></error>
  </testcase>
  <testcase name="testReadJaxbObjectBasicWithReader" classname="org.javolution.xml.jaxb.JAXBAnnotatedObjectReaderTest" time="0">
    <error type="java.lang.NullPointerException:"><![CDATA[java.lang.NullPointerException: null
	at org.javolution.xml.internal.jaxb.AbstractJAXBAnnotatedObjectParser.<init>(AbstractJAXBAnnotatedObjectParser.java:132)
	at org.javolution.xml.internal.jaxb.JAXBAnnotatedObjectReaderImpl.<init>(JAXBAnnotatedObjectReaderImpl.java:77)
	at org.javolution.xml.jaxb.JAXBAnnotatedObjectReaderTest.init(JAXBAnnotatedObjectReaderTest.java:65)
]]></error>
  </testcase>
  <testcase name="testReadJaxbObjectBasicWithSource" classname="org.javolution.xml.jaxb.JAXBAnnotatedObjectReaderTest" time="0.001">
    <error type="java.lang.NullPointerException:"><![CDATA[java.lang.NullPointerException: null
	at org.javolution.xml.internal.jaxb.AbstractJAXBAnnotatedObjectParser.<init>(AbstractJAXBAnnotatedObjectParser.java:132)
	at org.javolution.xml.internal.jaxb.JAXBAnnotatedObjectReaderImpl.<init>(JAXBAnnotatedObjectReaderImpl.java:77)
	at org.javolution.xml.jaxb.JAXBAnnotatedObjectReaderTest.init(JAXBAnnotatedObjectReaderTest.java:65)
]]></error>
  </testcase>
  <testcase name="testReadJaxbObjectWithUnsignedElement" classname="org.javolution.xml.jaxb.JAXBAnnotatedObjectReaderTest" time="0">
    <error type="java.lang.NullPointerException:"><![CDATA[java.lang.NullPointerException: null
	at org.javolution.xml.internal.jaxb.AbstractJAXBAnnotatedObjectParser.<init>(AbstractJAXBAnnotatedObjectParser.java:132)
	at org.javolution.xml.internal.jaxb.JAXBAnnotatedObjectReaderImpl.<init>(JAXBAnnotatedObjectReaderImpl.java:77)
	at org.javolution.xml.jaxb.JAXBAnnotatedObjectReaderTest.init(JAXBAnnotatedObjectReaderTest.java:65)
]]></error>
  </testcase>
  <testcase name="testReadJaxbObjectWithUnmappedElementAndValidationOn" classname="org.javolution.xml.jaxb.JAXBAnnotatedObjectReaderTest" time="0">
    <error type="java.lang.NullPointerException:"><![CDATA[java.lang.NullPointerException: null
	at org.javolution.xml.internal.jaxb.AbstractJAXBAnnotatedObjectParser.<init>(AbstractJAXBAnnotatedObjectParser.java:132)
	at org.javolution.xml.internal.jaxb.JAXBAnnotatedObjectReaderImpl.<init>(JAXBAnnotatedObjectReaderImpl.java:77)
	at org.javolution.xml.jaxb.JAXBAnnotatedObjectReaderTest.init(JAXBAnnotatedObjectReaderTest.java:65)
]]></error>
  </testcase>
  <testcase name="testReadJaxbObjectWithSkippedElements" classname="org.javolution.xml.jaxb.JAXBAnnotatedObjectReaderTest" time="0">
    <error type="java.lang.NullPointerException:"><![CDATA[java.lang.NullPointerException: null
	at org.javolution.xml.internal.jaxb.AbstractJAXBAnnotatedObjectParser.<init>(AbstractJAXBAnnotatedObjectParser.java:132)
	at org.javolution.xml.internal.jaxb.JAXBAnnotatedObjectReaderImpl.<init>(JAXBAnnotatedObjectReaderImpl.java:77)
	at org.javolution.xml.jaxb.JAXBAnnotatedObjectReaderTest.init(JAXBAnnotatedObjectReaderTest.java:65)
]]></error>
  </testcase>
  <testcase name="testReadJaxbObjectWithLargeValidNestedMixedObject" classname="org.javolution.xml.jaxb.JAXBAnnotatedObjectReaderTest" time="0">
    <error type="java.lang.NullPointerException:"><![CDATA[java.lang.NullPointerException: null
	at org.javolution.xml.internal.jaxb.AbstractJAXBAnnotatedObjectParser.<init>(AbstractJAXBAnnotatedObjectParser.java:132)
	at org.javolution.xml.internal.jaxb.JAXBAnnotatedObjectReaderImpl.<init>(JAXBAnnotatedObjectReaderImpl.java:77)
	at org.javolution.xml.jaxb.JAXBAnnotatedObjectReaderTest.init(JAXBAnnotatedObjectReaderTest.java:65)
]]></error>
  </testcase>
  <testcase name="testReadJaxbObjectWithEnumAndDate" classname="org.javolution.xml.jaxb.JAXBAnnotatedObjectReaderTest" time="0">
    <error type="java.lang.NullPointerException:"><![CDATA[java.lang.NullPointerException: null
	at org.javolution.xml.internal.jaxb.AbstractJAXBAnnotatedObjectParser.<init>(AbstractJAXBAnnotatedObjectParser.java:132)
	at org.javolution.xml.internal.jaxb.JAXBAnnotatedObjectReaderImpl.<init>(JAXBAnnotatedObjectReaderImpl.java:77)
	at org.javolution.xml.jaxb.JAXBAnnotatedObjectReaderTest.init(JAXBAnnotatedObjectReaderTest.java:65)
]]></error>
  </testcase>
  <testcase name="testReadJaxbObjectWithDifferentDateFormats" classname="org.javolution.xml.jaxb.JAXBAnnotatedObjectReaderTest" time="0">
    <error type="java.lang.NullPointerException:"><![CDATA[java.lang.NullPointerException: null
	at org.javolution.xml.internal.jaxb.AbstractJAXBAnnotatedObjectParser.<init>(AbstractJAXBAnnotatedObjectParser.java:132)
	at org.javolution.xml.internal.jaxb.JAXBAnnotatedObjectReaderImpl.<init>(JAXBAnnotatedObjectReaderImpl.java:77)
	at org.javolution.xml.jaxb.JAXBAnnotatedObjectReaderTest.init(JAXBAnnotatedObjectReaderTest.java:65)
]]></error>
  </testcase>
  <testcase name="testReadJaxbObjectWithCommonElement" classname="org.javolution.xml.jaxb.JAXBAnnotatedObjectReaderTest" time="0">
    <error type="java.lang.NullPointerException:"><![CDATA[java.lang.NullPointerException: null
	at org.javolution.xml.internal.jaxb.AbstractJAXBAnnotatedObjectParser.<init>(AbstractJAXBAnnotatedObjectParser.java:132)
	at org.javolution.xml.internal.jaxb.JAXBAnnotatedObjectReaderImpl.<init>(JAXBAnnotatedObjectReaderImpl.java:77)
	at org.javolution.xml.jaxb.JAXBAnnotatedObjectReaderTest.init(JAXBAnnotatedObjectReaderTest.java:65)
]]></error>
  </testcase>
</testsuite>