<?xml version="1.0" encoding="UTF-8"?>
<testsuite name="org.javolution.util.FastTableTest" time="0.013" tests="25" errors="0" skipped="0" failures="0">
  <properties>
    <property name="java.runtime.name" value="OpenJDK Runtime Environment"/>
    <property name="sun.boot.library.path" value="/usr/lib/jvm/java-8-openjdk-i386/jre/lib/i386"/>
    <property name="java.vm.version" value="25.45-b02"/>
    <property name="java.vm.vendor" value="Oracle Corporation"/>
    <property name="maven.multiModuleProjectDirectory" value="/home/ubuntu/workspace/javolution/javolution/core-java"/>
    <property name="java.vendor.url" value="http://java.oracle.com/"/>
    <property name="path.separator" value=":"/>
    <property name="guice.disable.misplaced.annotation.check" value="true"/>
    <property name="java.vm.name" value="OpenJDK Server VM"/>
    <property name="file.encoding.pkg" value="sun.io"/>
    <property name="user.country" value="US"/>
    <property name="sun.java.launcher" value="SUN_STANDARD"/>
    <property name="sun.os.patch.level" value="unknown"/>
    <property name="java.vm.specification.name" value="Java Virtual Machine Specification"/>
    <property name="user.dir" value="/home/ubuntu/workspace/javolution/javolution/core-java"/>
    <property name="java.runtime.version" value="1.8.0_45-internal-b14"/>
    <property name="java.awt.graphicsenv" value="sun.awt.X11GraphicsEnvironment"/>
    <property name="java.endorsed.dirs" value="/usr/lib/jvm/java-8-openjdk-i386/jre/lib/endorsed"/>
    <property name="os.arch" value="i386"/>
    <property name="java.io.tmpdir" value="/tmp"/>
    <property name="line.separator" value="&#10;"/>
    <property name="java.vm.specification.vendor" value="Oracle Corporation"/>
    <property name="os.name" value="Linux"/>
    <property name="classworlds.conf" value="/home/ubuntu/workspace/.metadata/.plugins/org.eclipse.m2e.launching/launches/m2conf3171514128192128333.tmp"/>
    <property name="sun.jnu.encoding" value="UTF-8"/>
    <property name="java.library.path" value="/usr/lib/jvm/java-8-openjdk-i386/jre/lib/i386/server:/usr/lib/jvm/java-8-openjdk-i386/jre/lib/i386::/usr/java/packages/lib/i386:/usr/lib/i386-linux-gnu/jni:/lib/i386-linux-gnu:/usr/lib/i386-linux-gnu:/usr/lib/jni:/lib:/usr/lib"/>
    <property name="java.specification.name" value="Java Platform API Specification"/>
    <property name="java.class.version" value="52.0"/>
    <property name="sun.management.compiler" value="HotSpot Tiered Compilers"/>
    <property name="os.version" value="3.19.0-26-generic"/>
    <property name="user.home" value="/home/ubuntu"/>
    <property name="user.timezone" value="Europe/Paris"/>
    <property name="java.awt.printerjob" value="sun.print.PSPrinterJob"/>
    <property name="file.encoding" value="UTF-8"/>
    <property name="java.specification.version" value="1.8"/>
    <property name="user.name" value="ubuntu"/>
    <property name="java.class.path" value="/home/ubuntu/eclipse/java-neon/eclipse/../../../.p2/pool/plugins/org.eclipse.m2e.maven.runtime_1.7.0.20160603-1931/jars/plexus-classworlds-2.5.2.jar:/usr/share/java/jayatanaag.jar"/>
    <property name="java.vm.specification.version" value="1.8"/>
    <property name="sun.arch.data.model" value="32"/>
    <property name="java.home" value="/usr/lib/jvm/java-8-openjdk-i386/jre"/>
    <property name="sun.java.command" value="org.codehaus.plexus.classworlds.launcher.Launcher -B install"/>
    <property name="java.specification.vendor" value="Oracle Corporation"/>
    <property name="user.language" value="en"/>
    <property name="awt.toolkit" value="sun.awt.X11.XToolkit"/>
    <property name="java.vm.info" value="mixed mode"/>
    <property name="java.version" value="1.8.0_45-internal"/>
    <property name="java.ext.dirs" value="/usr/lib/jvm/java-8-openjdk-i386/jre/lib/ext:/usr/java/packages/lib/ext"/>
    <property name="securerandom.source" value="file:/dev/./urandom"/>
    <property name="sun.boot.class.path" value="/usr/lib/jvm/java-8-openjdk-i386/jre/lib/resources.jar:/usr/lib/jvm/java-8-openjdk-i386/jre/lib/rt.jar:/usr/lib/jvm/java-8-openjdk-i386/jre/lib/sunrsasign.jar:/usr/lib/jvm/java-8-openjdk-i386/jre/lib/jsse.jar:/usr/lib/jvm/java-8-openjdk-i386/jre/lib/jce.jar:/usr/lib/jvm/java-8-openjdk-i386/jre/lib/charsets.jar:/usr/lib/jvm/java-8-openjdk-i386/jre/lib/jfr.jar:/usr/lib/jvm/java-8-openjdk-i386/jre/classes"/>
    <property name="java.vendor" value="Oracle Corporation"/>
    <property name="maven.home" value="/home/ubuntu/workspace/javolution/javolution/core-java/EMBEDDED"/>
    <property name="file.separator" value="/"/>
    <property name="java.vendor.url.bug" value="http://bugreport.sun.com/bugreport/"/>
    <property name="sun.cpu.endian" value="little"/>
    <property name="sun.io.unicode.encoding" value="UnicodeLittle"/>
    <property name="sun.desktop" value="gnome"/>
    <property name="sun.cpu.isalist" value=""/>
  </properties>
  <testcase name="testPeekFirst" classname="org.javolution.util.FastTableTest" time="0"/>
  <testcase name="testOfferLast" classname="org.javolution.util.FastTableTest" time="0"/>
  <testcase name="testGetFirst" classname="org.javolution.util.FastTableTest" time="0"/>
  <testcase name="testAddLast" classname="org.javolution.util.FastTableTest" time="0.008"/>
  <testcase name="testRemoveWithIndex" classname="org.javolution.util.FastTableTest" time="0"/>
  <testcase name="testAdd" classname="org.javolution.util.FastTableTest" time="0"/>
  <testcase name="testClear" classname="org.javolution.util.FastTableTest" time="0"/>
  <testcase name="testOffer" classname="org.javolution.util.FastTableTest" time="0"/>
  <testcase name="testPeek" classname="org.javolution.util.FastTableTest" time="0"/>
  <testcase name="testPoll" classname="org.javolution.util.FastTableTest" time="0"/>
  <testcase name="testLastIndexOf" classname="org.javolution.util.FastTableTest" time="0.001"/>
  <testcase name="testRemoveFirst" classname="org.javolution.util.FastTableTest" time="0"/>
  <testcase name="testRemoveFirstOccurance" classname="org.javolution.util.FastTableTest" time="0.001"/>
  <testcase name="testPushPop" classname="org.javolution.util.FastTableTest" time="0"/>
  <testcase name="testOfferFirst" classname="org.javolution.util.FastTableTest" time="0.001"/>
  <testcase name="testAddFirst" classname="org.javolution.util.FastTableTest" time="0.001"/>
  <testcase name="testGetLast" classname="org.javolution.util.FastTableTest" time="0"/>
  <testcase name="testRemoveLastOccurance" classname="org.javolution.util.FastTableTest" time="0"/>
  <testcase name="testRemoveLast" classname="org.javolution.util.FastTableTest" time="0"/>
  <testcase name="testPollFirst" classname="org.javolution.util.FastTableTest" time="0"/>
  <testcase name="testPeekLast" classname="org.javolution.util.FastTableTest" time="0"/>
  <testcase name="testPollLast" classname="org.javolution.util.FastTableTest" time="0"/>
  <testcase name="testIndexOf" classname="org.javolution.util.FastTableTest" time="0"/>
  <testcase name="testIsEmpty" classname="org.javolution.util.FastTableTest" time="0"/>
  <testcase name="testRemove" classname="org.javolution.util.FastTableTest" time="0.001"/>
</testsuite>