<?xml version="1.0" encoding="UTF-8"?>
<testsuite name="org.javolution.text.TextTest" time="0.019" tests="56" errors="1" skipped="0" failures="0">
  <properties>
    <property name="java.runtime.name" value="OpenJDK Runtime Environment"/>
    <property name="sun.boot.library.path" value="/usr/lib/jvm/java-8-openjdk-i386/jre/lib/i386"/>
    <property name="java.vm.version" value="25.45-b02"/>
    <property name="java.vm.vendor" value="Oracle Corporation"/>
    <property name="maven.multiModuleProjectDirectory" value="/home/ubuntu/workspace/javolution/javolution/core-java"/>
    <property name="java.vendor.url" value="http://java.oracle.com/"/>
    <property name="path.separator" value=":"/>
    <property name="guice.disable.misplaced.annotation.check" value="true"/>
    <property name="java.vm.name" value="OpenJDK Server VM"/>
    <property name="file.encoding.pkg" value="sun.io"/>
    <property name="user.country" value="US"/>
    <property name="sun.java.launcher" value="SUN_STANDARD"/>
    <property name="sun.os.patch.level" value="unknown"/>
    <property name="java.vm.specification.name" value="Java Virtual Machine Specification"/>
    <property name="user.dir" value="/home/ubuntu/workspace/javolution/javolution/core-java"/>
    <property name="java.runtime.version" value="1.8.0_45-internal-b14"/>
    <property name="java.awt.graphicsenv" value="sun.awt.X11GraphicsEnvironment"/>
    <property name="java.endorsed.dirs" value="/usr/lib/jvm/java-8-openjdk-i386/jre/lib/endorsed"/>
    <property name="os.arch" value="i386"/>
    <property name="java.io.tmpdir" value="/tmp"/>
    <property name="line.separator" value="&#10;"/>
    <property name="java.vm.specification.vendor" value="Oracle Corporation"/>
    <property name="os.name" value="Linux"/>
    <property name="classworlds.conf" value="/home/ubuntu/workspace/.metadata/.plugins/org.eclipse.m2e.launching/launches/m2conf3171514128192128333.tmp"/>
    <property name="sun.jnu.encoding" value="UTF-8"/>
    <property name="java.library.path" value="/usr/lib/jvm/java-8-openjdk-i386/jre/lib/i386/server:/usr/lib/jvm/java-8-openjdk-i386/jre/lib/i386::/usr/java/packages/lib/i386:/usr/lib/i386-linux-gnu/jni:/lib/i386-linux-gnu:/usr/lib/i386-linux-gnu:/usr/lib/jni:/lib:/usr/lib"/>
    <property name="java.specification.name" value="Java Platform API Specification"/>
    <property name="java.class.version" value="52.0"/>
    <property name="sun.management.compiler" value="HotSpot Tiered Compilers"/>
    <property name="os.version" value="3.19.0-26-generic"/>
    <property name="user.home" value="/home/ubuntu"/>
    <property name="user.timezone" value="Europe/Paris"/>
    <property name="java.awt.printerjob" value="sun.print.PSPrinterJob"/>
    <property name="file.encoding" value="UTF-8"/>
    <property name="java.specification.version" value="1.8"/>
    <property name="user.name" value="ubuntu"/>
    <property name="java.class.path" value="/home/ubuntu/eclipse/java-neon/eclipse/../../../.p2/pool/plugins/org.eclipse.m2e.maven.runtime_1.7.0.20160603-1931/jars/plexus-classworlds-2.5.2.jar:/usr/share/java/jayatanaag.jar"/>
    <property name="java.vm.specification.version" value="1.8"/>
    <property name="sun.arch.data.model" value="32"/>
    <property name="java.home" value="/usr/lib/jvm/java-8-openjdk-i386/jre"/>
    <property name="sun.java.command" value="org.codehaus.plexus.classworlds.launcher.Launcher -B install"/>
    <property name="java.specification.vendor" value="Oracle Corporation"/>
    <property name="user.language" value="en"/>
    <property name="awt.toolkit" value="sun.awt.X11.XToolkit"/>
    <property name="java.vm.info" value="mixed mode"/>
    <property name="java.version" value="1.8.0_45-internal"/>
    <property name="java.ext.dirs" value="/usr/lib/jvm/java-8-openjdk-i386/jre/lib/ext:/usr/java/packages/lib/ext"/>
    <property name="securerandom.source" value="file:/dev/./urandom"/>
    <property name="sun.boot.class.path" value="/usr/lib/jvm/java-8-openjdk-i386/jre/lib/resources.jar:/usr/lib/jvm/java-8-openjdk-i386/jre/lib/rt.jar:/usr/lib/jvm/java-8-openjdk-i386/jre/lib/sunrsasign.jar:/usr/lib/jvm/java-8-openjdk-i386/jre/lib/jsse.jar:/usr/lib/jvm/java-8-openjdk-i386/jre/lib/jce.jar:/usr/lib/jvm/java-8-openjdk-i386/jre/lib/charsets.jar:/usr/lib/jvm/java-8-openjdk-i386/jre/lib/jfr.jar:/usr/lib/jvm/java-8-openjdk-i386/jre/classes"/>
    <property name="java.vendor" value="Oracle Corporation"/>
    <property name="maven.home" value="/home/ubuntu/workspace/javolution/javolution/core-java/EMBEDDED"/>
    <property name="file.separator" value="/"/>
    <property name="java.vendor.url.bug" value="http://bugreport.sun.com/bugreport/"/>
    <property name="sun.cpu.endian" value="little"/>
    <property name="sun.io.unicode.encoding" value="UnicodeLittle"/>
    <property name="sun.desktop" value="gnome"/>
    <property name="sun.cpu.isalist" value=""/>
  </properties>
  <testcase name="testLastIndexOfWithCharSequenceWithIndex" classname="org.javolution.text.TextTest" time="0.001"/>
  <testcase name="testEndsWith" classname="org.javolution.text.TextTest" time="0.001"/>
  <testcase name="testToLowerCase" classname="org.javolution.text.TextTest" time="0.001"/>
  <testcase name="testIsBlankWithIndexAndLength" classname="org.javolution.text.TextTest" time="0"/>
  <testcase name="testValueOfCharWithLength" classname="org.javolution.text.TextTest" time="0"/>
  <testcase name="testDeleteThrowsExceptionWithStartLessThanZero" classname="org.javolution.text.TextTest" time="0.001"/>
  <testcase name="testValueOfCharSequence" classname="org.javolution.text.TextTest" time="0"/>
  <testcase name="testSubTextWithEndGreatherThanContentLengthThrowsException" classname="org.javolution.text.TextTest" time="0"/>
  <testcase name="testGetChars" classname="org.javolution.text.TextTest" time="0.001"/>
  <testcase name="testTrimEnd" classname="org.javolution.text.TextTest" time="0"/>
  <testcase name="testSubTextWithStartGreatherThanEndThrowsException" classname="org.javolution.text.TextTest" time="0.001"/>
  <testcase name="testPadLeft" classname="org.javolution.text.TextTest" time="0"/>
  <testcase name="testCopy" classname="org.javolution.text.TextTest" time="0"/>
  <testcase name="testPlus" classname="org.javolution.text.TextTest" time="0"/>
  <testcase name="testTrim" classname="org.javolution.text.TextTest" time="0"/>
  <testcase name="testToUpperCase" classname="org.javolution.text.TextTest" time="0.001"/>
  <testcase name="testSubTextWithStartLessThanZeroThrowsException" classname="org.javolution.text.TextTest" time="0.001"/>
  <testcase name="testValueOfDouble" classname="org.javolution.text.TextTest" time="0"/>
  <testcase name="testIndexOfWithCharSequenceWithIndex" classname="org.javolution.text.TextTest" time="0.001"/>
  <testcase name="testIndexOfWithCharWithIndex" classname="org.javolution.text.TextTest" time="0"/>
  <testcase name="testIndexOfWithCharSequence" classname="org.javolution.text.TextTest" time="0"/>
  <testcase name="testGetCharsWithStartLessThanZeroThrowsException" classname="org.javolution.text.TextTest" time="0"/>
  <testcase name="testDeleteThrowsExceptionWithStartGreaterThanEnd" classname="org.javolution.text.TextTest" time="0"/>
  <testcase name="testValueOfFloat" classname="org.javolution.text.TextTest" time="0.001"/>
  <testcase name="testTrimStart" classname="org.javolution.text.TextTest" time="0"/>
  <testcase name="testDeleteThrowsExceptionWithEndGreatherThanContentLength" classname="org.javolution.text.TextTest" time="0"/>
  <testcase name="testIndexOfWithChar" classname="org.javolution.text.TextTest" time="0"/>
  <testcase name="testSubTextWithStartAndEnd" classname="org.javolution.text.TextTest" time="0"/>
  <testcase name="testReplace" classname="org.javolution.text.TextTest" time="0.001"/>
  <testcase name="testValueOfPrimitiveCharArray" classname="org.javolution.text.TextTest" time="0"/>
  <testcase name="testLastIndexOfWithChar" classname="org.javolution.text.TextTest" time="0.001"/>
  <testcase name="testGetCharsWithEndGreaterThanContentLengthThrowsException" classname="org.javolution.text.TextTest" time="0"/>
  <testcase name="testContentEquals" classname="org.javolution.text.TextTest" time="0.001"/>
  <testcase name="testCharAt" classname="org.javolution.text.TextTest" time="0"/>
  <testcase name="testConcat" classname="org.javolution.text.TextTest" time="0"/>
  <testcase name="testDelete" classname="org.javolution.text.TextTest" time="0"/>
  <testcase name="testValueOfInt" classname="org.javolution.text.TextTest" time="0"/>
  <testcase name="testInsert" classname="org.javolution.text.TextTest" time="0"/>
  <testcase name="testIntern" classname="org.javolution.text.TextTest" time="0.002">
    <error message="-1" type="java.lang.ArrayIndexOutOfBoundsException">java.lang.ArrayIndexOutOfBoundsException: -1
	at org.javolution.text.Text.charAt(Text.java:948)
	at org.javolution.util.internal.function.LexicalOrderImpl.areEqual(LexicalOrderImpl.java:42)
	at org.javolution.util.internal.function.LexicalOrderImpl.areEqual(LexicalOrderImpl.java:18)
	at org.javolution.util.SparseMap.getEntry(SparseMap.java:106)
	at org.javolution.util.FastMap.get(FastMap.java:359)
	at org.javolution.text.Text.intern(Text.java:753)
	at org.javolution.text.TextTest.testIntern(TextTest.java:160)
</error>
  </testcase>
  <testcase name="testPadRight" classname="org.javolution.text.TextTest" time="0"/>
  <testcase name="testLastIndexOfWithCharSequence" classname="org.javolution.text.TextTest" time="0"/>
  <testcase name="testLength" classname="org.javolution.text.TextTest" time="0"/>
  <testcase name="testValueOfCharWithLengthLessThanZeroThrowsException" classname="org.javolution.text.TextTest" time="0"/>
  <testcase name="testPadLeftWithChar" classname="org.javolution.text.TextTest" time="0.001"/>
  <testcase name="testLastIndexOfWithCharWithIndex" classname="org.javolution.text.TextTest" time="0"/>
  <testcase name="testIsBlank" classname="org.javolution.text.TextTest" time="0.001"/>
  <testcase name="testGetCharsWithStartGreaterThanEndThrowsException" classname="org.javolution.text.TextTest" time="0"/>
  <testcase name="testCharAtGreaterThanContentLengthThrowsException" classname="org.javolution.text.TextTest" time="0.001"/>
  <testcase name="testPadRightWithChar" classname="org.javolution.text.TextTest" time="0"/>
  <testcase name="testContentEqualsIgnoreCase" classname="org.javolution.text.TextTest" time="0"/>
  <testcase name="testValueOfBoolean" classname="org.javolution.text.TextTest" time="0"/>
  <testcase name="testSubSequence" classname="org.javolution.text.TextTest" time="0"/>
  <testcase name="testStartsWith" classname="org.javolution.text.TextTest" time="0"/>
  <testcase name="testSubText" classname="org.javolution.text.TextTest" time="0"/>
  <testcase name="testValueOfChar" classname="org.javolution.text.TextTest" time="0.001"/>
  <testcase name="testValueOfLong" classname="org.javolution.text.TextTest" time="0"/>
</testsuite>